mode: set
github.com/jutionck/golang-db-sinar-harapan-makmur-orm/delivery/controller/brand_controller.go:19.57,21.56 2 1
github.com/jutionck/golang-db-sinar-harapan-makmur-orm/delivery/controller/brand_controller.go:21.56,24.3 2 1
github.com/jutionck/golang-db-sinar-harapan-makmur-orm/delivery/controller/brand_controller.go:26.2,26.53 1 1
github.com/jutionck/golang-db-sinar-harapan-makmur-orm/delivery/controller/brand_controller.go:26.53,29.3 2 1
github.com/jutionck/golang-db-sinar-harapan-makmur-orm/delivery/controller/brand_controller.go:31.2,31.46 1 1
github.com/jutionck/golang-db-sinar-harapan-makmur-orm/delivery/controller/brand_controller.go:34.55,36.16 2 0
github.com/jutionck/golang-db-sinar-harapan-makmur-orm/delivery/controller/brand_controller.go:36.16,39.3 2 0
github.com/jutionck/golang-db-sinar-harapan-makmur-orm/delivery/controller/brand_controller.go:40.2,41.16 2 0
github.com/jutionck/golang-db-sinar-harapan-makmur-orm/delivery/controller/brand_controller.go:41.16,44.3 2 0
github.com/jutionck/golang-db-sinar-harapan-makmur-orm/delivery/controller/brand_controller.go:45.2,58.16 5 0
github.com/jutionck/golang-db-sinar-harapan-makmur-orm/delivery/controller/brand_controller.go:58.16,61.3 2 0
github.com/jutionck/golang-db-sinar-harapan-makmur-orm/delivery/controller/brand_controller.go:62.2,63.27 2 0
github.com/jutionck/golang-db-sinar-harapan-makmur-orm/delivery/controller/brand_controller.go:63.27,65.3 1 0
github.com/jutionck/golang-db-sinar-harapan-makmur-orm/delivery/controller/brand_controller.go:66.2,66.60 1 0
github.com/jutionck/golang-db-sinar-harapan-makmur-orm/delivery/controller/brand_controller.go:69.54,72.16 3 1
github.com/jutionck/golang-db-sinar-harapan-makmur-orm/delivery/controller/brand_controller.go:72.16,75.3 2 1
github.com/jutionck/golang-db-sinar-harapan-makmur-orm/delivery/controller/brand_controller.go:76.2,76.44 1 1
github.com/jutionck/golang-db-sinar-harapan-makmur-orm/delivery/controller/brand_controller.go:79.57,84.16 4 0
github.com/jutionck/golang-db-sinar-harapan-makmur-orm/delivery/controller/brand_controller.go:84.16,87.3 2 0
github.com/jutionck/golang-db-sinar-harapan-makmur-orm/delivery/controller/brand_controller.go:88.2,88.45 1 0
github.com/jutionck/golang-db-sinar-harapan-makmur-orm/delivery/controller/brand_controller.go:91.57,93.56 2 1
github.com/jutionck/golang-db-sinar-harapan-makmur-orm/delivery/controller/brand_controller.go:93.56,96.3 2 1
github.com/jutionck/golang-db-sinar-harapan-makmur-orm/delivery/controller/brand_controller.go:98.2,98.53 1 1
github.com/jutionck/golang-db-sinar-harapan-makmur-orm/delivery/controller/brand_controller.go:98.53,101.3 2 1
github.com/jutionck/golang-db-sinar-harapan-makmur-orm/delivery/controller/brand_controller.go:103.2,103.46 1 1
github.com/jutionck/golang-db-sinar-harapan-makmur-orm/delivery/controller/brand_controller.go:106.57,109.16 3 0
github.com/jutionck/golang-db-sinar-harapan-makmur-orm/delivery/controller/brand_controller.go:109.16,112.3 2 0
github.com/jutionck/golang-db-sinar-harapan-makmur-orm/delivery/controller/brand_controller.go:113.2,113.36 1 0
github.com/jutionck/golang-db-sinar-harapan-makmur-orm/delivery/controller/brand_controller.go:116.87,128.2 8 1
github.com/jutionck/golang-db-sinar-harapan-makmur-orm/delivery/controller/customer_controller.go:19.61,21.57 2 0
github.com/jutionck/golang-db-sinar-harapan-makmur-orm/delivery/controller/customer_controller.go:21.57,24.3 2 0
github.com/jutionck/golang-db-sinar-harapan-makmur-orm/delivery/controller/customer_controller.go:25.2,25.54 1 0
github.com/jutionck/golang-db-sinar-harapan-makmur-orm/delivery/controller/customer_controller.go:25.54,28.3 2 0
github.com/jutionck/golang-db-sinar-harapan-makmur-orm/delivery/controller/customer_controller.go:29.2,29.47 1 0
github.com/jutionck/golang-db-sinar-harapan-makmur-orm/delivery/controller/customer_controller.go:32.59,34.16 2 0
github.com/jutionck/golang-db-sinar-harapan-makmur-orm/delivery/controller/customer_controller.go:34.16,37.3 2 0
github.com/jutionck/golang-db-sinar-harapan-makmur-orm/delivery/controller/customer_controller.go:38.2,39.16 2 0
github.com/jutionck/golang-db-sinar-harapan-makmur-orm/delivery/controller/customer_controller.go:39.16,42.3 2 0
github.com/jutionck/golang-db-sinar-harapan-makmur-orm/delivery/controller/customer_controller.go:43.2,56.16 5 0
github.com/jutionck/golang-db-sinar-harapan-makmur-orm/delivery/controller/customer_controller.go:56.16,59.3 2 0
github.com/jutionck/golang-db-sinar-harapan-makmur-orm/delivery/controller/customer_controller.go:60.2,61.27 2 0
github.com/jutionck/golang-db-sinar-harapan-makmur-orm/delivery/controller/customer_controller.go:61.27,63.3 1 0
github.com/jutionck/golang-db-sinar-harapan-makmur-orm/delivery/controller/customer_controller.go:64.2,64.61 1 0
github.com/jutionck/golang-db-sinar-harapan-makmur-orm/delivery/controller/customer_controller.go:67.58,70.16 3 0
github.com/jutionck/golang-db-sinar-harapan-makmur-orm/delivery/controller/customer_controller.go:70.16,73.3 2 0
github.com/jutionck/golang-db-sinar-harapan-makmur-orm/delivery/controller/customer_controller.go:74.2,74.45 1 0
github.com/jutionck/golang-db-sinar-harapan-makmur-orm/delivery/controller/customer_controller.go:77.61,82.16 4 0
github.com/jutionck/golang-db-sinar-harapan-makmur-orm/delivery/controller/customer_controller.go:82.16,85.3 2 0
github.com/jutionck/golang-db-sinar-harapan-makmur-orm/delivery/controller/customer_controller.go:86.2,86.46 1 0
github.com/jutionck/golang-db-sinar-harapan-makmur-orm/delivery/controller/customer_controller.go:89.61,91.57 2 0
github.com/jutionck/golang-db-sinar-harapan-makmur-orm/delivery/controller/customer_controller.go:91.57,94.3 2 0
github.com/jutionck/golang-db-sinar-harapan-makmur-orm/delivery/controller/customer_controller.go:96.2,96.54 1 0
github.com/jutionck/golang-db-sinar-harapan-makmur-orm/delivery/controller/customer_controller.go:96.54,99.3 2 0
github.com/jutionck/golang-db-sinar-harapan-makmur-orm/delivery/controller/customer_controller.go:101.2,101.47 1 0
github.com/jutionck/golang-db-sinar-harapan-makmur-orm/delivery/controller/customer_controller.go:104.61,107.16 3 0
github.com/jutionck/golang-db-sinar-harapan-makmur-orm/delivery/controller/customer_controller.go:107.16,110.3 2 0
github.com/jutionck/golang-db-sinar-harapan-makmur-orm/delivery/controller/customer_controller.go:111.2,111.36 1 0
github.com/jutionck/golang-db-sinar-harapan-makmur-orm/delivery/controller/customer_controller.go:114.96,126.2 8 0
github.com/jutionck/golang-db-sinar-harapan-makmur-orm/delivery/controller/employee_controller.go:19.60,21.56 2 0
github.com/jutionck/golang-db-sinar-harapan-makmur-orm/delivery/controller/employee_controller.go:21.56,24.3 2 0
github.com/jutionck/golang-db-sinar-harapan-makmur-orm/delivery/controller/employee_controller.go:25.2,25.53 1 0
github.com/jutionck/golang-db-sinar-harapan-makmur-orm/delivery/controller/employee_controller.go:25.53,28.3 2 0
github.com/jutionck/golang-db-sinar-harapan-makmur-orm/delivery/controller/employee_controller.go:29.2,29.46 1 0
github.com/jutionck/golang-db-sinar-harapan-makmur-orm/delivery/controller/employee_controller.go:32.58,34.16 2 0
github.com/jutionck/golang-db-sinar-harapan-makmur-orm/delivery/controller/employee_controller.go:34.16,37.3 2 0
github.com/jutionck/golang-db-sinar-harapan-makmur-orm/delivery/controller/employee_controller.go:38.2,39.16 2 0
github.com/jutionck/golang-db-sinar-harapan-makmur-orm/delivery/controller/employee_controller.go:39.16,42.3 2 0
github.com/jutionck/golang-db-sinar-harapan-makmur-orm/delivery/controller/employee_controller.go:43.2,56.16 5 0
github.com/jutionck/golang-db-sinar-harapan-makmur-orm/delivery/controller/employee_controller.go:56.16,59.3 2 0
github.com/jutionck/golang-db-sinar-harapan-makmur-orm/delivery/controller/employee_controller.go:60.2,61.27 2 0
github.com/jutionck/golang-db-sinar-harapan-makmur-orm/delivery/controller/employee_controller.go:61.27,63.3 1 0
github.com/jutionck/golang-db-sinar-harapan-makmur-orm/delivery/controller/employee_controller.go:64.2,64.60 1 0
github.com/jutionck/golang-db-sinar-harapan-makmur-orm/delivery/controller/employee_controller.go:67.57,70.16 3 0
github.com/jutionck/golang-db-sinar-harapan-makmur-orm/delivery/controller/employee_controller.go:70.16,73.3 2 0
github.com/jutionck/golang-db-sinar-harapan-makmur-orm/delivery/controller/employee_controller.go:74.2,74.44 1 0
github.com/jutionck/golang-db-sinar-harapan-makmur-orm/delivery/controller/employee_controller.go:77.60,79.56 2 0
github.com/jutionck/golang-db-sinar-harapan-makmur-orm/delivery/controller/employee_controller.go:79.56,82.3 2 0
github.com/jutionck/golang-db-sinar-harapan-makmur-orm/delivery/controller/employee_controller.go:84.2,84.53 1 0
github.com/jutionck/golang-db-sinar-harapan-makmur-orm/delivery/controller/employee_controller.go:84.53,87.3 2 0
github.com/jutionck/golang-db-sinar-harapan-makmur-orm/delivery/controller/employee_controller.go:89.2,89.46 1 0
github.com/jutionck/golang-db-sinar-harapan-makmur-orm/delivery/controller/employee_controller.go:92.60,95.16 3 0
github.com/jutionck/golang-db-sinar-harapan-makmur-orm/delivery/controller/employee_controller.go:95.16,98.3 2 0
github.com/jutionck/golang-db-sinar-harapan-makmur-orm/delivery/controller/employee_controller.go:99.2,99.36 1 0
github.com/jutionck/golang-db-sinar-harapan-makmur-orm/delivery/controller/employee_controller.go:102.96,113.2 7 0
github.com/jutionck/golang-db-sinar-harapan-makmur-orm/delivery/controller/transaction_controller.go:18.63,20.56 2 0
github.com/jutionck/golang-db-sinar-harapan-makmur-orm/delivery/controller/transaction_controller.go:20.56,23.3 2 0
github.com/jutionck/golang-db-sinar-harapan-makmur-orm/delivery/controller/transaction_controller.go:24.2,24.67 1 0
github.com/jutionck/golang-db-sinar-harapan-makmur-orm/delivery/controller/transaction_controller.go:24.67,27.3 2 0
github.com/jutionck/golang-db-sinar-harapan-makmur-orm/delivery/controller/transaction_controller.go:28.2,28.46 1 0
github.com/jutionck/golang-db-sinar-harapan-makmur-orm/delivery/controller/transaction_controller.go:31.61,33.16 2 0
github.com/jutionck/golang-db-sinar-harapan-makmur-orm/delivery/controller/transaction_controller.go:33.16,36.3 2 0
github.com/jutionck/golang-db-sinar-harapan-makmur-orm/delivery/controller/transaction_controller.go:37.2,38.27 2 0
github.com/jutionck/golang-db-sinar-harapan-makmur-orm/delivery/controller/transaction_controller.go:38.27,40.3 1 0
github.com/jutionck/golang-db-sinar-harapan-makmur-orm/delivery/controller/transaction_controller.go:41.2,46.4 1 0
github.com/jutionck/golang-db-sinar-harapan-makmur-orm/delivery/controller/transaction_controller.go:49.60,52.16 3 0
github.com/jutionck/golang-db-sinar-harapan-makmur-orm/delivery/controller/transaction_controller.go:52.16,55.3 2 0
github.com/jutionck/golang-db-sinar-harapan-makmur-orm/delivery/controller/transaction_controller.go:56.2,56.44 1 0
github.com/jutionck/golang-db-sinar-harapan-makmur-orm/delivery/controller/transaction_controller.go:59.105,68.2 5 0
github.com/jutionck/golang-db-sinar-harapan-makmur-orm/delivery/controller/vehicle_controller.go:22.59,26.16 4 0
github.com/jutionck/golang-db-sinar-harapan-makmur-orm/delivery/controller/vehicle_controller.go:26.16,28.3 1 0
github.com/jutionck/golang-db-sinar-harapan-makmur-orm/delivery/controller/vehicle_controller.go:29.2,30.16 2 0
github.com/jutionck/golang-db-sinar-harapan-makmur-orm/delivery/controller/vehicle_controller.go:30.16,32.3 1 0
github.com/jutionck/golang-db-sinar-harapan-makmur-orm/delivery/controller/vehicle_controller.go:35.2,37.60 2 0
github.com/jutionck/golang-db-sinar-harapan-makmur-orm/delivery/controller/vehicle_controller.go:37.61,39.3 0 0
github.com/jutionck/golang-db-sinar-harapan-makmur-orm/delivery/controller/vehicle_controller.go:41.2,41.88 1 0
github.com/jutionck/golang-db-sinar-harapan-makmur-orm/delivery/controller/vehicle_controller.go:41.88,44.3 2 0
github.com/jutionck/golang-db-sinar-harapan-makmur-orm/delivery/controller/vehicle_controller.go:45.2,45.46 1 0
github.com/jutionck/golang-db-sinar-harapan-makmur-orm/delivery/controller/vehicle_controller.go:48.57,50.16 2 0
github.com/jutionck/golang-db-sinar-harapan-makmur-orm/delivery/controller/vehicle_controller.go:50.16,53.3 2 0
github.com/jutionck/golang-db-sinar-harapan-makmur-orm/delivery/controller/vehicle_controller.go:54.2,55.16 2 0
github.com/jutionck/golang-db-sinar-harapan-makmur-orm/delivery/controller/vehicle_controller.go:55.16,58.3 2 0
github.com/jutionck/golang-db-sinar-harapan-makmur-orm/delivery/controller/vehicle_controller.go:59.2,72.16 5 0
github.com/jutionck/golang-db-sinar-harapan-makmur-orm/delivery/controller/vehicle_controller.go:72.16,75.3 2 0
github.com/jutionck/golang-db-sinar-harapan-makmur-orm/delivery/controller/vehicle_controller.go:76.2,77.29 2 0
github.com/jutionck/golang-db-sinar-harapan-makmur-orm/delivery/controller/vehicle_controller.go:77.29,79.3 1 0
github.com/jutionck/golang-db-sinar-harapan-makmur-orm/delivery/controller/vehicle_controller.go:80.2,80.62 1 0
github.com/jutionck/golang-db-sinar-harapan-makmur-orm/delivery/controller/vehicle_controller.go:83.56,86.16 3 0
github.com/jutionck/golang-db-sinar-harapan-makmur-orm/delivery/controller/vehicle_controller.go:86.16,89.3 2 0
github.com/jutionck/golang-db-sinar-harapan-makmur-orm/delivery/controller/vehicle_controller.go:90.2,90.46 1 0
github.com/jutionck/golang-db-sinar-harapan-makmur-orm/delivery/controller/vehicle_controller.go:93.59,97.16 4 0
github.com/jutionck/golang-db-sinar-harapan-makmur-orm/delivery/controller/vehicle_controller.go:97.16,100.3 2 0
github.com/jutionck/golang-db-sinar-harapan-makmur-orm/delivery/controller/vehicle_controller.go:101.2,101.47 1 0
github.com/jutionck/golang-db-sinar-harapan-makmur-orm/delivery/controller/vehicle_controller.go:104.59,106.56 2 0
github.com/jutionck/golang-db-sinar-harapan-makmur-orm/delivery/controller/vehicle_controller.go:106.56,109.3 2 0
github.com/jutionck/golang-db-sinar-harapan-makmur-orm/delivery/controller/vehicle_controller.go:111.2,111.53 1 0
github.com/jutionck/golang-db-sinar-harapan-makmur-orm/delivery/controller/vehicle_controller.go:111.53,114.3 2 0
github.com/jutionck/golang-db-sinar-harapan-makmur-orm/delivery/controller/vehicle_controller.go:116.2,116.46 1 0
github.com/jutionck/golang-db-sinar-harapan-makmur-orm/delivery/controller/vehicle_controller.go:119.59,122.16 3 0
github.com/jutionck/golang-db-sinar-harapan-makmur-orm/delivery/controller/vehicle_controller.go:122.16,125.3 2 0
github.com/jutionck/golang-db-sinar-harapan-makmur-orm/delivery/controller/vehicle_controller.go:126.2,126.36 1 0
github.com/jutionck/golang-db-sinar-harapan-makmur-orm/delivery/controller/vehicle_controller.go:129.93,141.2 8 0
github.com/jutionck/golang-db-sinar-harapan-makmur-orm/repository/brand_repository.go:21.51,23.2 1 1
github.com/jutionck/golang-db-sinar-harapan-makmur-orm/repository/brand_repository.go:25.64,28.19 3 1
github.com/jutionck/golang-db-sinar-harapan-makmur-orm/repository/brand_repository.go:28.19,30.3 1 1
github.com/jutionck/golang-db-sinar-harapan-makmur-orm/repository/brand_repository.go:31.2,31.20 1 1
github.com/jutionck/golang-db-sinar-harapan-makmur-orm/repository/brand_repository.go:34.57,37.19 3 1
github.com/jutionck/golang-db-sinar-harapan-makmur-orm/repository/brand_repository.go:37.19,39.3 1 1
github.com/jutionck/golang-db-sinar-harapan-makmur-orm/repository/brand_repository.go:40.2,40.20 1 1
github.com/jutionck/golang-db-sinar-harapan-makmur-orm/repository/brand_repository.go:43.60,45.2 1 0
github.com/jutionck/golang-db-sinar-harapan-makmur-orm/repository/brand_repository.go:47.84,50.19 3 1
github.com/jutionck/golang-db-sinar-harapan-makmur-orm/repository/brand_repository.go:50.19,52.3 1 1
github.com/jutionck/golang-db-sinar-harapan-makmur-orm/repository/brand_repository.go:53.2,53.20 1 1
github.com/jutionck/golang-db-sinar-harapan-makmur-orm/repository/brand_repository.go:56.72,59.14 3 0
github.com/jutionck/golang-db-sinar-harapan-makmur-orm/repository/brand_repository.go:59.14,61.3 1 0
github.com/jutionck/golang-db-sinar-harapan-makmur-orm/repository/brand_repository.go:61.8,63.3 1 0
github.com/jutionck/golang-db-sinar-harapan-makmur-orm/repository/brand_repository.go:65.2,65.25 1 0
github.com/jutionck/golang-db-sinar-harapan-makmur-orm/repository/brand_repository.go:65.25,67.3 1 0
github.com/jutionck/golang-db-sinar-harapan-makmur-orm/repository/brand_repository.go:69.2,69.15 1 0
github.com/jutionck/golang-db-sinar-harapan-makmur-orm/repository/brand_repository.go:69.15,71.3 1 0
github.com/jutionck/golang-db-sinar-harapan-makmur-orm/repository/brand_repository.go:72.2,72.12 1 0
github.com/jutionck/golang-db-sinar-harapan-makmur-orm/repository/brand_repository.go:75.112,79.19 4 0
github.com/jutionck/golang-db-sinar-harapan-makmur-orm/repository/brand_repository.go:79.19,81.3 1 0
github.com/jutionck/golang-db-sinar-harapan-makmur-orm/repository/brand_repository.go:82.2,84.19 3 0
github.com/jutionck/golang-db-sinar-harapan-makmur-orm/repository/brand_repository.go:84.19,86.3 1 0
github.com/jutionck/golang-db-sinar-harapan-makmur-orm/repository/brand_repository.go:87.2,87.97 1 0
github.com/jutionck/golang-db-sinar-harapan-makmur-orm/repository/brand_repository.go:90.115,94.93 4 0
github.com/jutionck/golang-db-sinar-harapan-makmur-orm/repository/brand_repository.go:94.93,96.52 2 0
github.com/jutionck/golang-db-sinar-harapan-makmur-orm/repository/brand_repository.go:96.52,98.4 1 0
github.com/jutionck/golang-db-sinar-harapan-makmur-orm/repository/brand_repository.go:99.3,99.83 1 0
github.com/jutionck/golang-db-sinar-harapan-makmur-orm/repository/brand_repository.go:101.2,101.36 1 0
github.com/jutionck/golang-db-sinar-harapan-makmur-orm/repository/brand_repository.go:104.54,106.2 1 1
github.com/jutionck/golang-db-sinar-harapan-makmur-orm/repository/customer_repository.go:24.108,27.19 3 0
github.com/jutionck/golang-db-sinar-harapan-makmur-orm/repository/customer_repository.go:27.19,29.3 1 0
github.com/jutionck/golang-db-sinar-harapan-makmur-orm/repository/customer_repository.go:30.2,30.12 1 0
github.com/jutionck/golang-db-sinar-harapan-makmur-orm/repository/customer_repository.go:33.90,36.19 3 0
github.com/jutionck/golang-db-sinar-harapan-makmur-orm/repository/customer_repository.go:36.19,38.3 1 0
github.com/jutionck/golang-db-sinar-harapan-makmur-orm/repository/customer_repository.go:39.2,39.23 1 0
github.com/jutionck/golang-db-sinar-harapan-makmur-orm/repository/customer_repository.go:42.63,45.19 3 0
github.com/jutionck/golang-db-sinar-harapan-makmur-orm/repository/customer_repository.go:45.19,47.3 1 0
github.com/jutionck/golang-db-sinar-harapan-makmur-orm/repository/customer_repository.go:48.2,48.23 1 0
github.com/jutionck/golang-db-sinar-harapan-makmur-orm/repository/customer_repository.go:51.70,54.19 3 0
github.com/jutionck/golang-db-sinar-harapan-makmur-orm/repository/customer_repository.go:54.19,56.3 1 0
github.com/jutionck/golang-db-sinar-harapan-makmur-orm/repository/customer_repository.go:57.2,57.23 1 0
github.com/jutionck/golang-db-sinar-harapan-makmur-orm/repository/customer_repository.go:60.75,63.19 3 0
github.com/jutionck/golang-db-sinar-harapan-makmur-orm/repository/customer_repository.go:63.19,65.3 1 0
github.com/jutionck/golang-db-sinar-harapan-makmur-orm/repository/customer_repository.go:67.2,67.23 1 0
github.com/jutionck/golang-db-sinar-harapan-makmur-orm/repository/customer_repository.go:70.80,73.19 3 0
github.com/jutionck/golang-db-sinar-harapan-makmur-orm/repository/customer_repository.go:73.19,75.3 1 0
github.com/jutionck/golang-db-sinar-harapan-makmur-orm/repository/customer_repository.go:77.2,77.23 1 0
github.com/jutionck/golang-db-sinar-harapan-makmur-orm/repository/customer_repository.go:80.66,82.2 1 0
github.com/jutionck/golang-db-sinar-harapan-makmur-orm/repository/customer_repository.go:84.54,86.2 1 0
github.com/jutionck/golang-db-sinar-harapan-makmur-orm/repository/customer_repository.go:88.80,91.19 3 0
github.com/jutionck/golang-db-sinar-harapan-makmur-orm/repository/customer_repository.go:91.19,93.3 1 0
github.com/jutionck/golang-db-sinar-harapan-makmur-orm/repository/customer_repository.go:94.2,94.23 1 0
github.com/jutionck/golang-db-sinar-harapan-makmur-orm/repository/customer_repository.go:97.80,100.19 3 0
github.com/jutionck/golang-db-sinar-harapan-makmur-orm/repository/customer_repository.go:100.19,102.3 1 0
github.com/jutionck/golang-db-sinar-harapan-makmur-orm/repository/customer_repository.go:103.2,103.23 1 0
github.com/jutionck/golang-db-sinar-harapan-makmur-orm/repository/customer_repository.go:106.118,110.19 4 0
github.com/jutionck/golang-db-sinar-harapan-makmur-orm/repository/customer_repository.go:110.19,112.3 1 0
github.com/jutionck/golang-db-sinar-harapan-makmur-orm/repository/customer_repository.go:113.2,115.19 3 0
github.com/jutionck/golang-db-sinar-harapan-makmur-orm/repository/customer_repository.go:115.19,117.3 1 0
github.com/jutionck/golang-db-sinar-harapan-makmur-orm/repository/customer_repository.go:118.2,118.100 1 0
github.com/jutionck/golang-db-sinar-harapan-makmur-orm/repository/customer_repository.go:121.118,125.93 4 0
github.com/jutionck/golang-db-sinar-harapan-makmur-orm/repository/customer_repository.go:125.93,127.52 2 0
github.com/jutionck/golang-db-sinar-harapan-makmur-orm/repository/customer_repository.go:127.52,129.4 1 0
github.com/jutionck/golang-db-sinar-harapan-makmur-orm/repository/customer_repository.go:130.3,130.83 1 0
github.com/jutionck/golang-db-sinar-harapan-makmur-orm/repository/customer_repository.go:132.2,132.36 1 0
github.com/jutionck/golang-db-sinar-harapan-makmur-orm/repository/customer_repository.go:135.60,137.2 1 0
github.com/jutionck/golang-db-sinar-harapan-makmur-orm/repository/employee_repository.go:26.90,29.19 3 0
github.com/jutionck/golang-db-sinar-harapan-makmur-orm/repository/employee_repository.go:29.19,31.3 1 0
github.com/jutionck/golang-db-sinar-harapan-makmur-orm/repository/employee_repository.go:32.2,32.23 1 0
github.com/jutionck/golang-db-sinar-harapan-makmur-orm/repository/employee_repository.go:35.63,38.19 3 0
github.com/jutionck/golang-db-sinar-harapan-makmur-orm/repository/employee_repository.go:38.19,40.3 1 0
github.com/jutionck/golang-db-sinar-harapan-makmur-orm/repository/employee_repository.go:41.2,41.23 1 0
github.com/jutionck/golang-db-sinar-harapan-makmur-orm/repository/employee_repository.go:44.70,47.19 3 0
github.com/jutionck/golang-db-sinar-harapan-makmur-orm/repository/employee_repository.go:47.19,49.3 1 0
github.com/jutionck/golang-db-sinar-harapan-makmur-orm/repository/employee_repository.go:50.2,50.23 1 0
github.com/jutionck/golang-db-sinar-harapan-makmur-orm/repository/employee_repository.go:53.75,56.19 3 0
github.com/jutionck/golang-db-sinar-harapan-makmur-orm/repository/employee_repository.go:56.19,58.3 1 0
github.com/jutionck/golang-db-sinar-harapan-makmur-orm/repository/employee_repository.go:60.2,60.23 1 0
github.com/jutionck/golang-db-sinar-harapan-makmur-orm/repository/employee_repository.go:63.80,66.19 3 0
github.com/jutionck/golang-db-sinar-harapan-makmur-orm/repository/employee_repository.go:66.19,68.3 1 0
github.com/jutionck/golang-db-sinar-harapan-makmur-orm/repository/employee_repository.go:70.2,70.23 1 0
github.com/jutionck/golang-db-sinar-harapan-makmur-orm/repository/employee_repository.go:73.66,75.2 1 0
github.com/jutionck/golang-db-sinar-harapan-makmur-orm/repository/employee_repository.go:77.54,79.2 1 0
github.com/jutionck/golang-db-sinar-harapan-makmur-orm/repository/employee_repository.go:81.80,84.16 3 0
github.com/jutionck/golang-db-sinar-harapan-makmur-orm/repository/employee_repository.go:84.16,85.45 1 0
github.com/jutionck/golang-db-sinar-harapan-makmur-orm/repository/employee_repository.go:85.45,87.4 1 0
github.com/jutionck/golang-db-sinar-harapan-makmur-orm/repository/employee_repository.go:88.3,88.18 1 0
github.com/jutionck/golang-db-sinar-harapan-makmur-orm/repository/employee_repository.go:90.2,90.23 1 0
github.com/jutionck/golang-db-sinar-harapan-makmur-orm/repository/employee_repository.go:93.80,96.16 3 0
github.com/jutionck/golang-db-sinar-harapan-makmur-orm/repository/employee_repository.go:96.16,97.45 1 0
github.com/jutionck/golang-db-sinar-harapan-makmur-orm/repository/employee_repository.go:97.45,99.4 1 0
github.com/jutionck/golang-db-sinar-harapan-makmur-orm/repository/employee_repository.go:100.3,100.18 1 0
github.com/jutionck/golang-db-sinar-harapan-makmur-orm/repository/employee_repository.go:102.2,102.23 1 0
github.com/jutionck/golang-db-sinar-harapan-makmur-orm/repository/employee_repository.go:105.96,108.19 3 0
github.com/jutionck/golang-db-sinar-harapan-makmur-orm/repository/employee_repository.go:108.19,110.3 1 0
github.com/jutionck/golang-db-sinar-harapan-makmur-orm/repository/employee_repository.go:111.2,111.23 1 0
github.com/jutionck/golang-db-sinar-harapan-makmur-orm/repository/employee_repository.go:114.118,118.19 4 0
github.com/jutionck/golang-db-sinar-harapan-makmur-orm/repository/employee_repository.go:118.19,120.3 1 0
github.com/jutionck/golang-db-sinar-harapan-makmur-orm/repository/employee_repository.go:121.2,123.19 3 0
github.com/jutionck/golang-db-sinar-harapan-makmur-orm/repository/employee_repository.go:123.19,125.3 1 0
github.com/jutionck/golang-db-sinar-harapan-makmur-orm/repository/employee_repository.go:126.2,126.100 1 0
github.com/jutionck/golang-db-sinar-harapan-makmur-orm/repository/employee_repository.go:129.118,133.93 4 0
github.com/jutionck/golang-db-sinar-harapan-makmur-orm/repository/employee_repository.go:133.93,135.52 2 0
github.com/jutionck/golang-db-sinar-harapan-makmur-orm/repository/employee_repository.go:135.52,137.4 1 0
github.com/jutionck/golang-db-sinar-harapan-makmur-orm/repository/employee_repository.go:138.3,138.83 1 0
github.com/jutionck/golang-db-sinar-harapan-makmur-orm/repository/employee_repository.go:140.2,140.36 1 0
github.com/jutionck/golang-db-sinar-harapan-makmur-orm/repository/employee_repository.go:143.60,145.2 1 0
github.com/jutionck/golang-db-sinar-harapan-makmur-orm/repository/file_repository.go:18.85,22.16 3 0
github.com/jutionck/golang-db-sinar-harapan-makmur-orm/repository/file_repository.go:22.16,24.3 1 0
github.com/jutionck/golang-db-sinar-harapan-makmur-orm/repository/file_repository.go:25.2,28.16 3 0
github.com/jutionck/golang-db-sinar-harapan-makmur-orm/repository/file_repository.go:28.16,30.3 1 0
github.com/jutionck/golang-db-sinar-harapan-makmur-orm/repository/file_repository.go:31.2,31.26 1 0
github.com/jutionck/golang-db-sinar-harapan-makmur-orm/repository/file_repository.go:34.52,36.2 1 0
github.com/jutionck/golang-db-sinar-harapan-makmur-orm/repository/transaction_repository.go:19.74,20.77 1 0
github.com/jutionck/golang-db-sinar-harapan-makmur-orm/repository/transaction_repository.go:20.77,22.3 1 0
github.com/jutionck/golang-db-sinar-harapan-makmur-orm/repository/transaction_repository.go:23.2,23.12 1 0
github.com/jutionck/golang-db-sinar-harapan-makmur-orm/repository/transaction_repository.go:26.69,34.41 2 0
github.com/jutionck/golang-db-sinar-harapan-makmur-orm/repository/transaction_repository.go:34.41,36.3 1 0
github.com/jutionck/golang-db-sinar-harapan-makmur-orm/repository/transaction_repository.go:37.2,37.26 1 0
github.com/jutionck/golang-db-sinar-harapan-makmur-orm/repository/transaction_repository.go:40.75,48.41 2 0
github.com/jutionck/golang-db-sinar-harapan-makmur-orm/repository/transaction_repository.go:48.41,50.3 1 0
github.com/jutionck/golang-db-sinar-harapan-makmur-orm/repository/transaction_repository.go:51.2,51.25 1 0
github.com/jutionck/golang-db-sinar-harapan-makmur-orm/repository/transaction_repository.go:54.66,56.2 1 0
github.com/jutionck/golang-db-sinar-harapan-makmur-orm/repository/user_repository.go:22.92,25.19 3 0
github.com/jutionck/golang-db-sinar-harapan-makmur-orm/repository/user_repository.go:25.19,27.3 1 0
github.com/jutionck/golang-db-sinar-harapan-makmur-orm/repository/user_repository.go:28.2,28.19 1 0
github.com/jutionck/golang-db-sinar-harapan-makmur-orm/repository/user_repository.go:31.65,34.19 3 0
github.com/jutionck/golang-db-sinar-harapan-makmur-orm/repository/user_repository.go:34.19,36.3 1 0
github.com/jutionck/golang-db-sinar-harapan-makmur-orm/repository/user_repository.go:37.2,37.19 1 0
github.com/jutionck/golang-db-sinar-harapan-makmur-orm/repository/user_repository.go:40.72,43.19 3 0
github.com/jutionck/golang-db-sinar-harapan-makmur-orm/repository/user_repository.go:43.19,45.3 1 0
github.com/jutionck/golang-db-sinar-harapan-makmur-orm/repository/user_repository.go:46.2,46.19 1 0
github.com/jutionck/golang-db-sinar-harapan-makmur-orm/repository/user_repository.go:49.68,51.2 1 0
github.com/jutionck/golang-db-sinar-harapan-makmur-orm/repository/user_repository.go:53.50,55.2 1 0
github.com/jutionck/golang-db-sinar-harapan-makmur-orm/repository/user_repository.go:57.88,60.37 3 0
github.com/jutionck/golang-db-sinar-harapan-makmur-orm/repository/user_repository.go:60.37,61.45 1 0
github.com/jutionck/golang-db-sinar-harapan-makmur-orm/repository/user_repository.go:61.45,63.4 1 0
github.com/jutionck/golang-db-sinar-harapan-makmur-orm/repository/user_repository.go:64.3,64.85 1 0
github.com/jutionck/golang-db-sinar-harapan-makmur-orm/repository/user_repository.go:66.2,66.29 1 0
github.com/jutionck/golang-db-sinar-harapan-makmur-orm/repository/user_repository.go:69.113,71.16 2 0
github.com/jutionck/golang-db-sinar-harapan-makmur-orm/repository/user_repository.go:71.16,73.3 1 0
github.com/jutionck/golang-db-sinar-harapan-makmur-orm/repository/user_repository.go:75.2,76.15 2 0
github.com/jutionck/golang-db-sinar-harapan-makmur-orm/repository/user_repository.go:76.15,78.3 1 0
github.com/jutionck/golang-db-sinar-harapan-makmur-orm/repository/user_repository.go:79.2,79.18 1 0
github.com/jutionck/golang-db-sinar-harapan-makmur-orm/repository/user_repository.go:82.52,84.2 1 0
github.com/jutionck/golang-db-sinar-harapan-makmur-orm/repository/vehicle_repository.go:21.88,24.37 3 0
github.com/jutionck/golang-db-sinar-harapan-makmur-orm/repository/vehicle_repository.go:24.37,26.3 1 0
github.com/jutionck/golang-db-sinar-harapan-makmur-orm/repository/vehicle_repository.go:27.2,27.22 1 0
github.com/jutionck/golang-db-sinar-harapan-makmur-orm/repository/vehicle_repository.go:30.61,33.37 3 0
github.com/jutionck/golang-db-sinar-harapan-makmur-orm/repository/vehicle_repository.go:33.37,35.3 1 0
github.com/jutionck/golang-db-sinar-harapan-makmur-orm/repository/vehicle_repository.go:36.2,36.22 1 0
github.com/jutionck/golang-db-sinar-harapan-makmur-orm/repository/vehicle_repository.go:39.68,42.37 3 0
github.com/jutionck/golang-db-sinar-harapan-makmur-orm/repository/vehicle_repository.go:42.37,44.3 1 0
github.com/jutionck/golang-db-sinar-harapan-makmur-orm/repository/vehicle_repository.go:45.2,45.22 1 0
github.com/jutionck/golang-db-sinar-harapan-makmur-orm/repository/vehicle_repository.go:48.64,50.37 2 0
github.com/jutionck/golang-db-sinar-harapan-makmur-orm/repository/vehicle_repository.go:50.37,52.3 1 0
github.com/jutionck/golang-db-sinar-harapan-makmur-orm/repository/vehicle_repository.go:53.2,53.12 1 0
github.com/jutionck/golang-db-sinar-harapan-makmur-orm/repository/vehicle_repository.go:56.53,58.2 1 0
github.com/jutionck/golang-db-sinar-harapan-makmur-orm/repository/vehicle_repository.go:60.69,63.37 2 0
github.com/jutionck/golang-db-sinar-harapan-makmur-orm/repository/vehicle_repository.go:63.37,65.3 1 0
github.com/jutionck/golang-db-sinar-harapan-makmur-orm/repository/vehicle_repository.go:66.2,66.12 1 0
github.com/jutionck/golang-db-sinar-harapan-makmur-orm/repository/vehicle_repository.go:69.116,73.19 4 0
github.com/jutionck/golang-db-sinar-harapan-makmur-orm/repository/vehicle_repository.go:73.19,75.3 1 0
github.com/jutionck/golang-db-sinar-harapan-makmur-orm/repository/vehicle_repository.go:76.2,78.19 3 0
github.com/jutionck/golang-db-sinar-harapan-makmur-orm/repository/vehicle_repository.go:78.19,80.3 1 0
github.com/jutionck/golang-db-sinar-harapan-makmur-orm/repository/vehicle_repository.go:81.2,81.99 1 0
github.com/jutionck/golang-db-sinar-harapan-makmur-orm/repository/vehicle_repository.go:84.117,88.93 4 0
github.com/jutionck/golang-db-sinar-harapan-makmur-orm/repository/vehicle_repository.go:88.93,90.52 2 0
github.com/jutionck/golang-db-sinar-harapan-makmur-orm/repository/vehicle_repository.go:90.52,92.4 1 0
github.com/jutionck/golang-db-sinar-harapan-makmur-orm/repository/vehicle_repository.go:93.3,93.83 1 0
github.com/jutionck/golang-db-sinar-harapan-makmur-orm/repository/vehicle_repository.go:95.2,95.36 1 0
github.com/jutionck/golang-db-sinar-harapan-makmur-orm/repository/vehicle_repository.go:98.58,100.2 1 0
github.com/jutionck/golang-db-sinar-harapan-makmur-orm/usecase/auth_usecase.go:18.104,20.16 2 0
github.com/jutionck/golang-db-sinar-harapan-makmur-orm/usecase/auth_usecase.go:20.16,22.3 1 0
github.com/jutionck/golang-db-sinar-harapan-makmur-orm/usecase/auth_usecase.go:23.2,23.18 1 0
github.com/jutionck/golang-db-sinar-harapan-makmur-orm/usecase/auth_usecase.go:26.85,28.2 1 0
github.com/jutionck/golang-db-sinar-harapan-makmur-orm/usecase/brand_usecase.go:20.52,22.16 2 1
github.com/jutionck/golang-db-sinar-harapan-makmur-orm/usecase/brand_usecase.go:22.16,24.3 1 1
github.com/jutionck/golang-db-sinar-harapan-makmur-orm/usecase/brand_usecase.go:25.2,25.32 1 1
github.com/jutionck/golang-db-sinar-harapan-makmur-orm/usecase/brand_usecase.go:28.57,30.2 1 1
github.com/jutionck/golang-db-sinar-harapan-makmur-orm/usecase/brand_usecase.go:32.66,34.16 2 1
github.com/jutionck/golang-db-sinar-harapan-makmur-orm/usecase/brand_usecase.go:34.16,36.3 1 1
github.com/jutionck/golang-db-sinar-harapan-makmur-orm/usecase/brand_usecase.go:37.2,37.19 1 1
github.com/jutionck/golang-db-sinar-harapan-makmur-orm/usecase/brand_usecase.go:40.61,42.16 2 1
github.com/jutionck/golang-db-sinar-harapan-makmur-orm/usecase/brand_usecase.go:42.16,44.3 1 1
github.com/jutionck/golang-db-sinar-harapan-makmur-orm/usecase/brand_usecase.go:46.2,46.67 1 1
github.com/jutionck/golang-db-sinar-harapan-makmur-orm/usecase/brand_usecase.go:46.67,48.3 1 1
github.com/jutionck/golang-db-sinar-harapan-makmur-orm/usecase/brand_usecase.go:50.2,50.22 1 1
github.com/jutionck/golang-db-sinar-harapan-makmur-orm/usecase/brand_usecase.go:50.22,52.17 2 1
github.com/jutionck/golang-db-sinar-harapan-makmur-orm/usecase/brand_usecase.go:52.17,54.4 1 1
github.com/jutionck/golang-db-sinar-harapan-makmur-orm/usecase/brand_usecase.go:56.2,56.29 1 1
github.com/jutionck/golang-db-sinar-harapan-makmur-orm/usecase/brand_usecase.go:59.83,61.16 2 1
github.com/jutionck/golang-db-sinar-harapan-makmur-orm/usecase/brand_usecase.go:61.16,63.3 1 1
github.com/jutionck/golang-db-sinar-harapan-makmur-orm/usecase/brand_usecase.go:64.2,64.20 1 1
github.com/jutionck/golang-db-sinar-harapan-makmur-orm/usecase/brand_usecase.go:67.113,68.51 1 1
github.com/jutionck/golang-db-sinar-harapan-makmur-orm/usecase/brand_usecase.go:68.51,70.3 1 1
github.com/jutionck/golang-db-sinar-harapan-makmur-orm/usecase/brand_usecase.go:71.2,71.42 1 1
github.com/jutionck/golang-db-sinar-harapan-makmur-orm/usecase/brand_usecase.go:74.68,76.2 1 1
github.com/jutionck/golang-db-sinar-harapan-makmur-orm/usecase/customer_usecase.go:24.55,26.16 2 0
github.com/jutionck/golang-db-sinar-harapan-makmur-orm/usecase/customer_usecase.go:26.16,28.3 1 0
github.com/jutionck/golang-db-sinar-harapan-makmur-orm/usecase/customer_usecase.go:29.2,29.35 1 0
github.com/jutionck/golang-db-sinar-harapan-makmur-orm/usecase/customer_usecase.go:32.63,34.2 1 0
github.com/jutionck/golang-db-sinar-harapan-makmur-orm/usecase/customer_usecase.go:36.72,38.16 2 0
github.com/jutionck/golang-db-sinar-harapan-makmur-orm/usecase/customer_usecase.go:38.16,40.3 1 0
github.com/jutionck/golang-db-sinar-harapan-makmur-orm/usecase/customer_usecase.go:41.2,41.22 1 0
github.com/jutionck/golang-db-sinar-harapan-makmur-orm/usecase/customer_usecase.go:44.67,45.22 1 0
github.com/jutionck/golang-db-sinar-harapan-makmur-orm/usecase/customer_usecase.go:45.22,47.17 2 0
github.com/jutionck/golang-db-sinar-harapan-makmur-orm/usecase/customer_usecase.go:47.17,49.4 1 0
github.com/jutionck/golang-db-sinar-harapan-makmur-orm/usecase/customer_usecase.go:53.2,54.16 2 0
github.com/jutionck/golang-db-sinar-harapan-makmur-orm/usecase/customer_usecase.go:54.16,56.3 1 0
github.com/jutionck/golang-db-sinar-harapan-makmur-orm/usecase/customer_usecase.go:59.2,60.16 2 0
github.com/jutionck/golang-db-sinar-harapan-makmur-orm/usecase/customer_usecase.go:60.16,62.3 1 0
github.com/jutionck/golang-db-sinar-harapan-makmur-orm/usecase/customer_usecase.go:63.2,63.19 1 0
github.com/jutionck/golang-db-sinar-harapan-makmur-orm/usecase/customer_usecase.go:63.19,66.17 3 0
github.com/jutionck/golang-db-sinar-harapan-makmur-orm/usecase/customer_usecase.go:66.17,68.4 1 0
github.com/jutionck/golang-db-sinar-harapan-makmur-orm/usecase/customer_usecase.go:69.8,76.3 2 0
github.com/jutionck/golang-db-sinar-harapan-makmur-orm/usecase/customer_usecase.go:77.2,77.29 1 0
github.com/jutionck/golang-db-sinar-harapan-makmur-orm/usecase/customer_usecase.go:80.89,82.16 2 0
github.com/jutionck/golang-db-sinar-harapan-makmur-orm/usecase/customer_usecase.go:82.16,84.3 1 0
github.com/jutionck/golang-db-sinar-harapan-makmur-orm/usecase/customer_usecase.go:85.2,85.23 1 0
github.com/jutionck/golang-db-sinar-harapan-makmur-orm/usecase/customer_usecase.go:88.78,90.16 2 0
github.com/jutionck/golang-db-sinar-harapan-makmur-orm/usecase/customer_usecase.go:90.16,92.3 1 0
github.com/jutionck/golang-db-sinar-harapan-makmur-orm/usecase/customer_usecase.go:93.2,93.22 1 0
github.com/jutionck/golang-db-sinar-harapan-makmur-orm/usecase/customer_usecase.go:96.78,98.16 2 0
github.com/jutionck/golang-db-sinar-harapan-makmur-orm/usecase/customer_usecase.go:98.16,100.3 1 0
github.com/jutionck/golang-db-sinar-harapan-makmur-orm/usecase/customer_usecase.go:101.2,101.22 1 0
github.com/jutionck/golang-db-sinar-harapan-makmur-orm/usecase/customer_usecase.go:104.119,105.51 1 0
github.com/jutionck/golang-db-sinar-harapan-makmur-orm/usecase/customer_usecase.go:105.51,107.3 1 0
github.com/jutionck/golang-db-sinar-harapan-makmur-orm/usecase/customer_usecase.go:108.2,108.42 1 0
github.com/jutionck/golang-db-sinar-harapan-makmur-orm/usecase/customer_usecase.go:111.105,113.2 1 0
github.com/jutionck/golang-db-sinar-harapan-makmur-orm/usecase/customer_usecase.go:118.19,123.2 1 0
github.com/jutionck/golang-db-sinar-harapan-makmur-orm/usecase/employee_usecase.go:24.55,26.16 2 0
github.com/jutionck/golang-db-sinar-harapan-makmur-orm/usecase/employee_usecase.go:26.16,28.3 1 0
github.com/jutionck/golang-db-sinar-harapan-makmur-orm/usecase/employee_usecase.go:29.2,29.35 1 0
github.com/jutionck/golang-db-sinar-harapan-makmur-orm/usecase/employee_usecase.go:32.63,34.2 1 0
github.com/jutionck/golang-db-sinar-harapan-makmur-orm/usecase/employee_usecase.go:36.72,38.16 2 0
github.com/jutionck/golang-db-sinar-harapan-makmur-orm/usecase/employee_usecase.go:38.16,40.3 1 0
github.com/jutionck/golang-db-sinar-harapan-makmur-orm/usecase/employee_usecase.go:41.2,41.22 1 0
github.com/jutionck/golang-db-sinar-harapan-makmur-orm/usecase/employee_usecase.go:44.67,45.22 1 0
github.com/jutionck/golang-db-sinar-harapan-makmur-orm/usecase/employee_usecase.go:45.22,47.17 2 0
github.com/jutionck/golang-db-sinar-harapan-makmur-orm/usecase/employee_usecase.go:47.17,49.4 1 0
github.com/jutionck/golang-db-sinar-harapan-makmur-orm/usecase/employee_usecase.go:52.2,52.30 1 0
github.com/jutionck/golang-db-sinar-harapan-makmur-orm/usecase/employee_usecase.go:52.30,55.3 2 0
github.com/jutionck/golang-db-sinar-harapan-makmur-orm/usecase/employee_usecase.go:58.2,59.16 2 0
github.com/jutionck/golang-db-sinar-harapan-makmur-orm/usecase/employee_usecase.go:59.16,61.3 1 0
github.com/jutionck/golang-db-sinar-harapan-makmur-orm/usecase/employee_usecase.go:64.2,65.16 2 0
github.com/jutionck/golang-db-sinar-harapan-makmur-orm/usecase/employee_usecase.go:65.16,67.3 1 0
github.com/jutionck/golang-db-sinar-harapan-makmur-orm/usecase/employee_usecase.go:68.2,68.19 1 0
github.com/jutionck/golang-db-sinar-harapan-makmur-orm/usecase/employee_usecase.go:68.19,71.17 3 0
github.com/jutionck/golang-db-sinar-harapan-makmur-orm/usecase/employee_usecase.go:71.17,73.4 1 0
github.com/jutionck/golang-db-sinar-harapan-makmur-orm/usecase/employee_usecase.go:74.8,81.3 2 0
github.com/jutionck/golang-db-sinar-harapan-makmur-orm/usecase/employee_usecase.go:83.2,83.29 1 0
github.com/jutionck/golang-db-sinar-harapan-makmur-orm/usecase/employee_usecase.go:86.89,88.16 2 0
github.com/jutionck/golang-db-sinar-harapan-makmur-orm/usecase/employee_usecase.go:88.16,90.3 1 0
github.com/jutionck/golang-db-sinar-harapan-makmur-orm/usecase/employee_usecase.go:91.2,91.23 1 0
github.com/jutionck/golang-db-sinar-harapan-makmur-orm/usecase/employee_usecase.go:94.78,96.16 2 0
github.com/jutionck/golang-db-sinar-harapan-makmur-orm/usecase/employee_usecase.go:96.16,98.3 1 0
github.com/jutionck/golang-db-sinar-harapan-makmur-orm/usecase/employee_usecase.go:99.2,99.22 1 0
github.com/jutionck/golang-db-sinar-harapan-makmur-orm/usecase/employee_usecase.go:102.78,104.16 2 0
github.com/jutionck/golang-db-sinar-harapan-makmur-orm/usecase/employee_usecase.go:104.16,106.3 1 0
github.com/jutionck/golang-db-sinar-harapan-makmur-orm/usecase/employee_usecase.go:107.2,107.22 1 0
github.com/jutionck/golang-db-sinar-harapan-makmur-orm/usecase/employee_usecase.go:110.96,112.2 1 0
github.com/jutionck/golang-db-sinar-harapan-makmur-orm/usecase/employee_usecase.go:114.119,115.51 1 0
github.com/jutionck/golang-db-sinar-harapan-makmur-orm/usecase/employee_usecase.go:115.51,117.3 1 0
github.com/jutionck/golang-db-sinar-harapan-makmur-orm/usecase/employee_usecase.go:118.2,118.42 1 0
github.com/jutionck/golang-db-sinar-harapan-makmur-orm/usecase/employee_usecase.go:121.97,123.2 1 0
github.com/jutionck/golang-db-sinar-harapan-makmur-orm/usecase/file_usecase.go:16.82,18.2 1 0
github.com/jutionck/golang-db-sinar-harapan-makmur-orm/usecase/file_usecase.go:20.65,22.2 1 0
github.com/jutionck/golang-db-sinar-harapan-makmur-orm/usecase/transaction_usecase.go:23.87,26.16 2 0
github.com/jutionck/golang-db-sinar-harapan-makmur-orm/usecase/transaction_usecase.go:26.16,28.3 1 0
github.com/jutionck/golang-db-sinar-harapan-makmur-orm/usecase/transaction_usecase.go:30.2,30.33 1 0
github.com/jutionck/golang-db-sinar-harapan-makmur-orm/usecase/transaction_usecase.go:30.33,32.3 1 0
github.com/jutionck/golang-db-sinar-harapan-makmur-orm/usecase/transaction_usecase.go:34.2,35.16 2 0
github.com/jutionck/golang-db-sinar-harapan-makmur-orm/usecase/transaction_usecase.go:35.16,37.3 1 0
github.com/jutionck/golang-db-sinar-harapan-makmur-orm/usecase/transaction_usecase.go:39.2,40.16 2 0
github.com/jutionck/golang-db-sinar-harapan-makmur-orm/usecase/transaction_usecase.go:40.16,42.3 1 0
github.com/jutionck/golang-db-sinar-harapan-makmur-orm/usecase/transaction_usecase.go:44.2,45.16 2 0
github.com/jutionck/golang-db-sinar-harapan-makmur-orm/usecase/transaction_usecase.go:45.16,47.3 1 0
github.com/jutionck/golang-db-sinar-harapan-makmur-orm/usecase/transaction_usecase.go:49.2,50.16 2 0
github.com/jutionck/golang-db-sinar-harapan-makmur-orm/usecase/transaction_usecase.go:50.16,52.3 1 0
github.com/jutionck/golang-db-sinar-harapan-makmur-orm/usecase/transaction_usecase.go:53.2,60.16 7 0
github.com/jutionck/golang-db-sinar-harapan-makmur-orm/usecase/transaction_usecase.go:60.16,62.3 1 0
github.com/jutionck/golang-db-sinar-harapan-makmur-orm/usecase/transaction_usecase.go:63.2,63.12 1 0
github.com/jutionck/golang-db-sinar-harapan-makmur-orm/usecase/transaction_usecase.go:66.80,68.2 1 0
github.com/jutionck/golang-db-sinar-harapan-makmur-orm/usecase/transaction_usecase.go:70.86,72.2 1 0
github.com/jutionck/golang-db-sinar-harapan-makmur-orm/usecase/transaction_usecase.go:79.22,86.2 1 0
github.com/jutionck/golang-db-sinar-harapan-makmur-orm/usecase/user_usecase.go:23.51,25.16 2 0
github.com/jutionck/golang-db-sinar-harapan-makmur-orm/usecase/user_usecase.go:25.16,27.3 1 0
github.com/jutionck/golang-db-sinar-harapan-makmur-orm/usecase/user_usecase.go:28.2,28.31 1 0
github.com/jutionck/golang-db-sinar-harapan-makmur-orm/usecase/user_usecase.go:31.65,33.2 1 0
github.com/jutionck/golang-db-sinar-harapan-makmur-orm/usecase/user_usecase.go:35.74,37.16 2 0
github.com/jutionck/golang-db-sinar-harapan-makmur-orm/usecase/user_usecase.go:37.16,39.3 1 0
github.com/jutionck/golang-db-sinar-harapan-makmur-orm/usecase/user_usecase.go:40.2,40.18 1 0
github.com/jutionck/golang-db-sinar-harapan-makmur-orm/usecase/user_usecase.go:43.69,44.22 1 0
github.com/jutionck/golang-db-sinar-harapan-makmur-orm/usecase/user_usecase.go:44.22,46.17 2 0
github.com/jutionck/golang-db-sinar-harapan-makmur-orm/usecase/user_usecase.go:46.17,47.46 1 0
github.com/jutionck/golang-db-sinar-harapan-makmur-orm/usecase/user_usecase.go:47.46,49.5 1 0
github.com/jutionck/golang-db-sinar-harapan-makmur-orm/usecase/user_usecase.go:50.4,50.79 1 0
github.com/jutionck/golang-db-sinar-harapan-makmur-orm/usecase/user_usecase.go:54.2,54.28 1 0
github.com/jutionck/golang-db-sinar-harapan-makmur-orm/usecase/user_usecase.go:54.28,56.17 2 0
github.com/jutionck/golang-db-sinar-harapan-makmur-orm/usecase/user_usecase.go:56.17,58.4 1 0
github.com/jutionck/golang-db-sinar-harapan-makmur-orm/usecase/user_usecase.go:59.3,59.30 1 0
github.com/jutionck/golang-db-sinar-harapan-makmur-orm/usecase/user_usecase.go:62.2,62.29 1 0
github.com/jutionck/golang-db-sinar-harapan-makmur-orm/usecase/user_usecase.go:65.91,67.16 2 0
github.com/jutionck/golang-db-sinar-harapan-makmur-orm/usecase/user_usecase.go:67.16,69.3 1 0
github.com/jutionck/golang-db-sinar-harapan-makmur-orm/usecase/user_usecase.go:70.2,70.19 1 0
github.com/jutionck/golang-db-sinar-harapan-makmur-orm/usecase/user_usecase.go:73.90,75.16 2 0
github.com/jutionck/golang-db-sinar-harapan-makmur-orm/usecase/user_usecase.go:75.16,77.3 1 0
github.com/jutionck/golang-db-sinar-harapan-makmur-orm/usecase/user_usecase.go:78.2,78.18 1 0
github.com/jutionck/golang-db-sinar-harapan-makmur-orm/usecase/user_usecase.go:81.84,83.16 2 0
github.com/jutionck/golang-db-sinar-harapan-makmur-orm/usecase/user_usecase.go:83.16,84.45 1 0
github.com/jutionck/golang-db-sinar-harapan-makmur-orm/usecase/user_usecase.go:84.45,86.4 1 0
github.com/jutionck/golang-db-sinar-harapan-makmur-orm/usecase/user_usecase.go:87.3,87.82 1 0
github.com/jutionck/golang-db-sinar-harapan-makmur-orm/usecase/user_usecase.go:89.2,91.16 3 0
github.com/jutionck/golang-db-sinar-harapan-makmur-orm/usecase/user_usecase.go:91.16,93.3 1 0
github.com/jutionck/golang-db-sinar-harapan-makmur-orm/usecase/user_usecase.go:94.2,94.24 1 0
github.com/jutionck/golang-db-sinar-harapan-makmur-orm/usecase/user_usecase.go:97.65,99.2 1 0
github.com/jutionck/golang-db-sinar-harapan-makmur-orm/usecase/vehicle_usecase.go:26.105,31.16 4 0
github.com/jutionck/golang-db-sinar-harapan-makmur-orm/usecase/vehicle_usecase.go:31.16,33.3 1 0
github.com/jutionck/golang-db-sinar-harapan-makmur-orm/usecase/vehicle_usecase.go:34.2,37.16 4 0
github.com/jutionck/golang-db-sinar-harapan-makmur-orm/usecase/vehicle_usecase.go:37.16,39.3 1 0
github.com/jutionck/golang-db-sinar-harapan-makmur-orm/usecase/vehicle_usecase.go:40.2,40.12 1 0
github.com/jutionck/golang-db-sinar-harapan-makmur-orm/usecase/vehicle_usecase.go:43.87,45.2 1 0
github.com/jutionck/golang-db-sinar-harapan-makmur-orm/usecase/vehicle_usecase.go:47.61,49.2 1 0
github.com/jutionck/golang-db-sinar-harapan-makmur-orm/usecase/vehicle_usecase.go:51.70,53.16 2 0
github.com/jutionck/golang-db-sinar-harapan-makmur-orm/usecase/vehicle_usecase.go:53.16,55.3 1 0
github.com/jutionck/golang-db-sinar-harapan-makmur-orm/usecase/vehicle_usecase.go:56.2,56.21 1 0
github.com/jutionck/golang-db-sinar-harapan-makmur-orm/usecase/vehicle_usecase.go:59.65,61.16 2 0
github.com/jutionck/golang-db-sinar-harapan-makmur-orm/usecase/vehicle_usecase.go:61.16,63.3 1 0
github.com/jutionck/golang-db-sinar-harapan-makmur-orm/usecase/vehicle_usecase.go:64.2,65.16 2 0
github.com/jutionck/golang-db-sinar-harapan-makmur-orm/usecase/vehicle_usecase.go:65.16,67.3 1 0
github.com/jutionck/golang-db-sinar-harapan-makmur-orm/usecase/vehicle_usecase.go:68.2,69.22 2 0
github.com/jutionck/golang-db-sinar-harapan-makmur-orm/usecase/vehicle_usecase.go:69.22,71.17 2 0
github.com/jutionck/golang-db-sinar-harapan-makmur-orm/usecase/vehicle_usecase.go:71.17,73.4 1 0
github.com/jutionck/golang-db-sinar-harapan-makmur-orm/usecase/vehicle_usecase.go:75.2,75.29 1 0
github.com/jutionck/golang-db-sinar-harapan-makmur-orm/usecase/vehicle_usecase.go:78.54,80.16 2 0
github.com/jutionck/golang-db-sinar-harapan-makmur-orm/usecase/vehicle_usecase.go:80.16,82.3 1 0
github.com/jutionck/golang-db-sinar-harapan-makmur-orm/usecase/vehicle_usecase.go:83.2,83.34 1 0
github.com/jutionck/golang-db-sinar-harapan-makmur-orm/usecase/vehicle_usecase.go:86.73,88.2 1 0
github.com/jutionck/golang-db-sinar-harapan-makmur-orm/usecase/vehicle_usecase.go:90.117,91.51 1 0
github.com/jutionck/golang-db-sinar-harapan-makmur-orm/usecase/vehicle_usecase.go:91.51,93.3 1 0
github.com/jutionck/golang-db-sinar-harapan-makmur-orm/usecase/vehicle_usecase.go:94.2,94.42 1 0
github.com/jutionck/golang-db-sinar-harapan-makmur-orm/usecase/vehicle_usecase.go:101.18,106.2 1 0
