mode: set
github.com/jutionck/golang-db-sinar-harapan-makmur-orm/usecase/auth_usecase.go:18.104,20.16 2 0
github.com/jutionck/golang-db-sinar-harapan-makmur-orm/usecase/auth_usecase.go:20.16,22.3 1 0
github.com/jutionck/golang-db-sinar-harapan-makmur-orm/usecase/auth_usecase.go:23.2,23.18 1 0
github.com/jutionck/golang-db-sinar-harapan-makmur-orm/usecase/auth_usecase.go:26.85,28.2 1 0
github.com/jutionck/golang-db-sinar-harapan-makmur-orm/usecase/brand_usecase.go:20.52,22.16 2 1
github.com/jutionck/golang-db-sinar-harapan-makmur-orm/usecase/brand_usecase.go:22.16,24.3 1 1
github.com/jutionck/golang-db-sinar-harapan-makmur-orm/usecase/brand_usecase.go:25.2,25.32 1 1
github.com/jutionck/golang-db-sinar-harapan-makmur-orm/usecase/brand_usecase.go:28.57,30.2 1 1
github.com/jutionck/golang-db-sinar-harapan-makmur-orm/usecase/brand_usecase.go:32.66,34.16 2 1
github.com/jutionck/golang-db-sinar-harapan-makmur-orm/usecase/brand_usecase.go:34.16,36.3 1 1
github.com/jutionck/golang-db-sinar-harapan-makmur-orm/usecase/brand_usecase.go:37.2,37.19 1 1
github.com/jutionck/golang-db-sinar-harapan-makmur-orm/usecase/brand_usecase.go:40.61,42.16 2 1
github.com/jutionck/golang-db-sinar-harapan-makmur-orm/usecase/brand_usecase.go:42.16,44.3 1 1
github.com/jutionck/golang-db-sinar-harapan-makmur-orm/usecase/brand_usecase.go:46.2,46.67 1 1
github.com/jutionck/golang-db-sinar-harapan-makmur-orm/usecase/brand_usecase.go:46.67,48.3 1 1
github.com/jutionck/golang-db-sinar-harapan-makmur-orm/usecase/brand_usecase.go:50.2,50.22 1 1
github.com/jutionck/golang-db-sinar-harapan-makmur-orm/usecase/brand_usecase.go:50.22,52.17 2 1
github.com/jutionck/golang-db-sinar-harapan-makmur-orm/usecase/brand_usecase.go:52.17,54.4 1 1
github.com/jutionck/golang-db-sinar-harapan-makmur-orm/usecase/brand_usecase.go:56.2,56.29 1 1
github.com/jutionck/golang-db-sinar-harapan-makmur-orm/usecase/brand_usecase.go:59.83,61.16 2 1
github.com/jutionck/golang-db-sinar-harapan-makmur-orm/usecase/brand_usecase.go:61.16,63.3 1 1
github.com/jutionck/golang-db-sinar-harapan-makmur-orm/usecase/brand_usecase.go:64.2,64.20 1 1
github.com/jutionck/golang-db-sinar-harapan-makmur-orm/usecase/brand_usecase.go:67.113,68.51 1 0
github.com/jutionck/golang-db-sinar-harapan-makmur-orm/usecase/brand_usecase.go:68.51,70.3 1 0
github.com/jutionck/golang-db-sinar-harapan-makmur-orm/usecase/brand_usecase.go:71.2,71.42 1 0
github.com/jutionck/golang-db-sinar-harapan-makmur-orm/usecase/brand_usecase.go:74.68,76.2 1 1
github.com/jutionck/golang-db-sinar-harapan-makmur-orm/usecase/customer_usecase.go:24.55,26.16 2 0
github.com/jutionck/golang-db-sinar-harapan-makmur-orm/usecase/customer_usecase.go:26.16,28.3 1 0
github.com/jutionck/golang-db-sinar-harapan-makmur-orm/usecase/customer_usecase.go:29.2,29.35 1 0
github.com/jutionck/golang-db-sinar-harapan-makmur-orm/usecase/customer_usecase.go:32.63,34.2 1 0
github.com/jutionck/golang-db-sinar-harapan-makmur-orm/usecase/customer_usecase.go:36.72,38.16 2 0
github.com/jutionck/golang-db-sinar-harapan-makmur-orm/usecase/customer_usecase.go:38.16,40.3 1 0
github.com/jutionck/golang-db-sinar-harapan-makmur-orm/usecase/customer_usecase.go:41.2,41.22 1 0
github.com/jutionck/golang-db-sinar-harapan-makmur-orm/usecase/customer_usecase.go:44.67,45.22 1 0
github.com/jutionck/golang-db-sinar-harapan-makmur-orm/usecase/customer_usecase.go:45.22,47.17 2 0
github.com/jutionck/golang-db-sinar-harapan-makmur-orm/usecase/customer_usecase.go:47.17,49.4 1 0
github.com/jutionck/golang-db-sinar-harapan-makmur-orm/usecase/customer_usecase.go:53.2,54.16 2 0
github.com/jutionck/golang-db-sinar-harapan-makmur-orm/usecase/customer_usecase.go:54.16,56.3 1 0
github.com/jutionck/golang-db-sinar-harapan-makmur-orm/usecase/customer_usecase.go:59.2,60.16 2 0
github.com/jutionck/golang-db-sinar-harapan-makmur-orm/usecase/customer_usecase.go:60.16,62.3 1 0
github.com/jutionck/golang-db-sinar-harapan-makmur-orm/usecase/customer_usecase.go:63.2,63.19 1 0
github.com/jutionck/golang-db-sinar-harapan-makmur-orm/usecase/customer_usecase.go:63.19,66.17 3 0
github.com/jutionck/golang-db-sinar-harapan-makmur-orm/usecase/customer_usecase.go:66.17,68.4 1 0
github.com/jutionck/golang-db-sinar-harapan-makmur-orm/usecase/customer_usecase.go:69.8,76.3 2 0
github.com/jutionck/golang-db-sinar-harapan-makmur-orm/usecase/customer_usecase.go:77.2,77.29 1 0
github.com/jutionck/golang-db-sinar-harapan-makmur-orm/usecase/customer_usecase.go:80.89,82.16 2 0
github.com/jutionck/golang-db-sinar-harapan-makmur-orm/usecase/customer_usecase.go:82.16,84.3 1 0
github.com/jutionck/golang-db-sinar-harapan-makmur-orm/usecase/customer_usecase.go:85.2,85.23 1 0
github.com/jutionck/golang-db-sinar-harapan-makmur-orm/usecase/customer_usecase.go:88.78,90.16 2 0
github.com/jutionck/golang-db-sinar-harapan-makmur-orm/usecase/customer_usecase.go:90.16,92.3 1 0
github.com/jutionck/golang-db-sinar-harapan-makmur-orm/usecase/customer_usecase.go:93.2,93.22 1 0
github.com/jutionck/golang-db-sinar-harapan-makmur-orm/usecase/customer_usecase.go:96.78,98.16 2 0
github.com/jutionck/golang-db-sinar-harapan-makmur-orm/usecase/customer_usecase.go:98.16,100.3 1 0
github.com/jutionck/golang-db-sinar-harapan-makmur-orm/usecase/customer_usecase.go:101.2,101.22 1 0
github.com/jutionck/golang-db-sinar-harapan-makmur-orm/usecase/customer_usecase.go:104.119,105.51 1 0
github.com/jutionck/golang-db-sinar-harapan-makmur-orm/usecase/customer_usecase.go:105.51,107.3 1 0
github.com/jutionck/golang-db-sinar-harapan-makmur-orm/usecase/customer_usecase.go:108.2,108.42 1 0
github.com/jutionck/golang-db-sinar-harapan-makmur-orm/usecase/customer_usecase.go:111.105,113.2 1 0
github.com/jutionck/golang-db-sinar-harapan-makmur-orm/usecase/customer_usecase.go:118.19,123.2 1 0
github.com/jutionck/golang-db-sinar-harapan-makmur-orm/usecase/employee_usecase.go:24.55,26.16 2 0
github.com/jutionck/golang-db-sinar-harapan-makmur-orm/usecase/employee_usecase.go:26.16,28.3 1 0
github.com/jutionck/golang-db-sinar-harapan-makmur-orm/usecase/employee_usecase.go:29.2,29.35 1 0
github.com/jutionck/golang-db-sinar-harapan-makmur-orm/usecase/employee_usecase.go:32.63,34.2 1 0
github.com/jutionck/golang-db-sinar-harapan-makmur-orm/usecase/employee_usecase.go:36.72,38.16 2 0
github.com/jutionck/golang-db-sinar-harapan-makmur-orm/usecase/employee_usecase.go:38.16,40.3 1 0
github.com/jutionck/golang-db-sinar-harapan-makmur-orm/usecase/employee_usecase.go:41.2,41.22 1 0
github.com/jutionck/golang-db-sinar-harapan-makmur-orm/usecase/employee_usecase.go:44.67,45.22 1 0
github.com/jutionck/golang-db-sinar-harapan-makmur-orm/usecase/employee_usecase.go:45.22,47.17 2 0
github.com/jutionck/golang-db-sinar-harapan-makmur-orm/usecase/employee_usecase.go:47.17,49.4 1 0
github.com/jutionck/golang-db-sinar-harapan-makmur-orm/usecase/employee_usecase.go:52.2,52.30 1 0
github.com/jutionck/golang-db-sinar-harapan-makmur-orm/usecase/employee_usecase.go:52.30,55.3 2 0
github.com/jutionck/golang-db-sinar-harapan-makmur-orm/usecase/employee_usecase.go:58.2,59.16 2 0
github.com/jutionck/golang-db-sinar-harapan-makmur-orm/usecase/employee_usecase.go:59.16,61.3 1 0
github.com/jutionck/golang-db-sinar-harapan-makmur-orm/usecase/employee_usecase.go:64.2,65.16 2 0
github.com/jutionck/golang-db-sinar-harapan-makmur-orm/usecase/employee_usecase.go:65.16,67.3 1 0
github.com/jutionck/golang-db-sinar-harapan-makmur-orm/usecase/employee_usecase.go:68.2,68.19 1 0
github.com/jutionck/golang-db-sinar-harapan-makmur-orm/usecase/employee_usecase.go:68.19,71.17 3 0
github.com/jutionck/golang-db-sinar-harapan-makmur-orm/usecase/employee_usecase.go:71.17,73.4 1 0
github.com/jutionck/golang-db-sinar-harapan-makmur-orm/usecase/employee_usecase.go:74.8,81.3 2 0
github.com/jutionck/golang-db-sinar-harapan-makmur-orm/usecase/employee_usecase.go:83.2,83.29 1 0
github.com/jutionck/golang-db-sinar-harapan-makmur-orm/usecase/employee_usecase.go:86.89,88.16 2 0
github.com/jutionck/golang-db-sinar-harapan-makmur-orm/usecase/employee_usecase.go:88.16,90.3 1 0
github.com/jutionck/golang-db-sinar-harapan-makmur-orm/usecase/employee_usecase.go:91.2,91.23 1 0
github.com/jutionck/golang-db-sinar-harapan-makmur-orm/usecase/employee_usecase.go:94.78,96.16 2 0
github.com/jutionck/golang-db-sinar-harapan-makmur-orm/usecase/employee_usecase.go:96.16,98.3 1 0
github.com/jutionck/golang-db-sinar-harapan-makmur-orm/usecase/employee_usecase.go:99.2,99.22 1 0
github.com/jutionck/golang-db-sinar-harapan-makmur-orm/usecase/employee_usecase.go:102.78,104.16 2 0
github.com/jutionck/golang-db-sinar-harapan-makmur-orm/usecase/employee_usecase.go:104.16,106.3 1 0
github.com/jutionck/golang-db-sinar-harapan-makmur-orm/usecase/employee_usecase.go:107.2,107.22 1 0
github.com/jutionck/golang-db-sinar-harapan-makmur-orm/usecase/employee_usecase.go:110.96,112.2 1 0
github.com/jutionck/golang-db-sinar-harapan-makmur-orm/usecase/employee_usecase.go:114.119,115.51 1 0
github.com/jutionck/golang-db-sinar-harapan-makmur-orm/usecase/employee_usecase.go:115.51,117.3 1 0
github.com/jutionck/golang-db-sinar-harapan-makmur-orm/usecase/employee_usecase.go:118.2,118.42 1 0
github.com/jutionck/golang-db-sinar-harapan-makmur-orm/usecase/employee_usecase.go:121.97,123.2 1 0
github.com/jutionck/golang-db-sinar-harapan-makmur-orm/usecase/file_usecase.go:16.82,18.2 1 0
github.com/jutionck/golang-db-sinar-harapan-makmur-orm/usecase/file_usecase.go:20.65,22.2 1 0
github.com/jutionck/golang-db-sinar-harapan-makmur-orm/usecase/transaction_usecase.go:23.87,26.16 2 0
github.com/jutionck/golang-db-sinar-harapan-makmur-orm/usecase/transaction_usecase.go:26.16,28.3 1 0
github.com/jutionck/golang-db-sinar-harapan-makmur-orm/usecase/transaction_usecase.go:30.2,30.33 1 0
github.com/jutionck/golang-db-sinar-harapan-makmur-orm/usecase/transaction_usecase.go:30.33,32.3 1 0
github.com/jutionck/golang-db-sinar-harapan-makmur-orm/usecase/transaction_usecase.go:34.2,35.16 2 0
github.com/jutionck/golang-db-sinar-harapan-makmur-orm/usecase/transaction_usecase.go:35.16,37.3 1 0
github.com/jutionck/golang-db-sinar-harapan-makmur-orm/usecase/transaction_usecase.go:39.2,40.16 2 0
github.com/jutionck/golang-db-sinar-harapan-makmur-orm/usecase/transaction_usecase.go:40.16,42.3 1 0
github.com/jutionck/golang-db-sinar-harapan-makmur-orm/usecase/transaction_usecase.go:44.2,45.16 2 0
github.com/jutionck/golang-db-sinar-harapan-makmur-orm/usecase/transaction_usecase.go:45.16,47.3 1 0
github.com/jutionck/golang-db-sinar-harapan-makmur-orm/usecase/transaction_usecase.go:49.2,50.16 2 0
github.com/jutionck/golang-db-sinar-harapan-makmur-orm/usecase/transaction_usecase.go:50.16,52.3 1 0
github.com/jutionck/golang-db-sinar-harapan-makmur-orm/usecase/transaction_usecase.go:53.2,60.16 7 0
github.com/jutionck/golang-db-sinar-harapan-makmur-orm/usecase/transaction_usecase.go:60.16,62.3 1 0
github.com/jutionck/golang-db-sinar-harapan-makmur-orm/usecase/transaction_usecase.go:63.2,63.12 1 0
github.com/jutionck/golang-db-sinar-harapan-makmur-orm/usecase/transaction_usecase.go:66.80,68.2 1 0
github.com/jutionck/golang-db-sinar-harapan-makmur-orm/usecase/transaction_usecase.go:70.86,72.2 1 0
github.com/jutionck/golang-db-sinar-harapan-makmur-orm/usecase/transaction_usecase.go:79.22,86.2 1 0
github.com/jutionck/golang-db-sinar-harapan-makmur-orm/usecase/user_usecase.go:23.51,25.16 2 0
github.com/jutionck/golang-db-sinar-harapan-makmur-orm/usecase/user_usecase.go:25.16,27.3 1 0
github.com/jutionck/golang-db-sinar-harapan-makmur-orm/usecase/user_usecase.go:28.2,28.31 1 0
github.com/jutionck/golang-db-sinar-harapan-makmur-orm/usecase/user_usecase.go:31.65,33.2 1 0
github.com/jutionck/golang-db-sinar-harapan-makmur-orm/usecase/user_usecase.go:35.74,37.16 2 0
github.com/jutionck/golang-db-sinar-harapan-makmur-orm/usecase/user_usecase.go:37.16,39.3 1 0
github.com/jutionck/golang-db-sinar-harapan-makmur-orm/usecase/user_usecase.go:40.2,40.18 1 0
github.com/jutionck/golang-db-sinar-harapan-makmur-orm/usecase/user_usecase.go:43.69,44.22 1 0
github.com/jutionck/golang-db-sinar-harapan-makmur-orm/usecase/user_usecase.go:44.22,46.17 2 0
github.com/jutionck/golang-db-sinar-harapan-makmur-orm/usecase/user_usecase.go:46.17,47.46 1 0
github.com/jutionck/golang-db-sinar-harapan-makmur-orm/usecase/user_usecase.go:47.46,49.5 1 0
github.com/jutionck/golang-db-sinar-harapan-makmur-orm/usecase/user_usecase.go:50.4,50.79 1 0
github.com/jutionck/golang-db-sinar-harapan-makmur-orm/usecase/user_usecase.go:54.2,54.28 1 0
github.com/jutionck/golang-db-sinar-harapan-makmur-orm/usecase/user_usecase.go:54.28,56.17 2 0
github.com/jutionck/golang-db-sinar-harapan-makmur-orm/usecase/user_usecase.go:56.17,58.4 1 0
github.com/jutionck/golang-db-sinar-harapan-makmur-orm/usecase/user_usecase.go:59.3,59.30 1 0
github.com/jutionck/golang-db-sinar-harapan-makmur-orm/usecase/user_usecase.go:62.2,62.29 1 0
github.com/jutionck/golang-db-sinar-harapan-makmur-orm/usecase/user_usecase.go:65.91,67.16 2 0
github.com/jutionck/golang-db-sinar-harapan-makmur-orm/usecase/user_usecase.go:67.16,69.3 1 0
github.com/jutionck/golang-db-sinar-harapan-makmur-orm/usecase/user_usecase.go:70.2,70.19 1 0
github.com/jutionck/golang-db-sinar-harapan-makmur-orm/usecase/user_usecase.go:73.90,75.16 2 0
github.com/jutionck/golang-db-sinar-harapan-makmur-orm/usecase/user_usecase.go:75.16,77.3 1 0
github.com/jutionck/golang-db-sinar-harapan-makmur-orm/usecase/user_usecase.go:78.2,78.18 1 0
github.com/jutionck/golang-db-sinar-harapan-makmur-orm/usecase/user_usecase.go:81.84,83.16 2 0
github.com/jutionck/golang-db-sinar-harapan-makmur-orm/usecase/user_usecase.go:83.16,84.45 1 0
github.com/jutionck/golang-db-sinar-harapan-makmur-orm/usecase/user_usecase.go:84.45,86.4 1 0
github.com/jutionck/golang-db-sinar-harapan-makmur-orm/usecase/user_usecase.go:87.3,87.82 1 0
github.com/jutionck/golang-db-sinar-harapan-makmur-orm/usecase/user_usecase.go:89.2,91.16 3 0
github.com/jutionck/golang-db-sinar-harapan-makmur-orm/usecase/user_usecase.go:91.16,93.3 1 0
github.com/jutionck/golang-db-sinar-harapan-makmur-orm/usecase/user_usecase.go:94.2,94.24 1 0
github.com/jutionck/golang-db-sinar-harapan-makmur-orm/usecase/user_usecase.go:97.65,99.2 1 0
github.com/jutionck/golang-db-sinar-harapan-makmur-orm/usecase/vehicle_usecase.go:26.105,31.16 4 0
github.com/jutionck/golang-db-sinar-harapan-makmur-orm/usecase/vehicle_usecase.go:31.16,33.3 1 0
github.com/jutionck/golang-db-sinar-harapan-makmur-orm/usecase/vehicle_usecase.go:34.2,37.16 4 0
github.com/jutionck/golang-db-sinar-harapan-makmur-orm/usecase/vehicle_usecase.go:37.16,39.3 1 0
github.com/jutionck/golang-db-sinar-harapan-makmur-orm/usecase/vehicle_usecase.go:40.2,40.12 1 0
github.com/jutionck/golang-db-sinar-harapan-makmur-orm/usecase/vehicle_usecase.go:43.87,45.2 1 0
github.com/jutionck/golang-db-sinar-harapan-makmur-orm/usecase/vehicle_usecase.go:47.61,49.2 1 0
github.com/jutionck/golang-db-sinar-harapan-makmur-orm/usecase/vehicle_usecase.go:51.70,53.16 2 0
github.com/jutionck/golang-db-sinar-harapan-makmur-orm/usecase/vehicle_usecase.go:53.16,55.3 1 0
github.com/jutionck/golang-db-sinar-harapan-makmur-orm/usecase/vehicle_usecase.go:56.2,56.21 1 0
github.com/jutionck/golang-db-sinar-harapan-makmur-orm/usecase/vehicle_usecase.go:59.65,61.16 2 0
github.com/jutionck/golang-db-sinar-harapan-makmur-orm/usecase/vehicle_usecase.go:61.16,63.3 1 0
github.com/jutionck/golang-db-sinar-harapan-makmur-orm/usecase/vehicle_usecase.go:64.2,65.16 2 0
github.com/jutionck/golang-db-sinar-harapan-makmur-orm/usecase/vehicle_usecase.go:65.16,67.3 1 0
github.com/jutionck/golang-db-sinar-harapan-makmur-orm/usecase/vehicle_usecase.go:68.2,69.22 2 0
github.com/jutionck/golang-db-sinar-harapan-makmur-orm/usecase/vehicle_usecase.go:69.22,71.17 2 0
github.com/jutionck/golang-db-sinar-harapan-makmur-orm/usecase/vehicle_usecase.go:71.17,73.4 1 0
github.com/jutionck/golang-db-sinar-harapan-makmur-orm/usecase/vehicle_usecase.go:75.2,75.29 1 0
github.com/jutionck/golang-db-sinar-harapan-makmur-orm/usecase/vehicle_usecase.go:78.54,80.16 2 0
github.com/jutionck/golang-db-sinar-harapan-makmur-orm/usecase/vehicle_usecase.go:80.16,82.3 1 0
github.com/jutionck/golang-db-sinar-harapan-makmur-orm/usecase/vehicle_usecase.go:83.2,83.34 1 0
github.com/jutionck/golang-db-sinar-harapan-makmur-orm/usecase/vehicle_usecase.go:86.73,88.2 1 0
github.com/jutionck/golang-db-sinar-harapan-makmur-orm/usecase/vehicle_usecase.go:90.117,91.51 1 0
github.com/jutionck/golang-db-sinar-harapan-makmur-orm/usecase/vehicle_usecase.go:91.51,93.3 1 0
github.com/jutionck/golang-db-sinar-harapan-makmur-orm/usecase/vehicle_usecase.go:94.2,94.42 1 0
github.com/jutionck/golang-db-sinar-harapan-makmur-orm/usecase/vehicle_usecase.go:101.18,106.2 1 0
